<?xml version="1.0" encoding="UTF-8"?>
<testsuite name="SearchTest" tests="1" skipped="0" failures="0" errors="0" timestamp="2023-04-18T20:35:18" hostname="DESKTOP-OPOI960" time="7.702">
  <properties/>
  <testcase name="succesfulSearchTest()" classname="SearchTest" time="7.702"/>
  <system-out><![CDATA[]]></system-out>
  <system-err><![CDATA[SLF4J: No SLF4J providers were found.
SLF4J: Defaulting to no-operation (NOP) logger implementation
SLF4J: See https://www.slf4j.org/codes.html#noProviders for further details.
Starting ChromeDriver 111.0.5563.64 (c710e93d5b63b7095afe8c2c17df34408078439d-refs/branch-heads/5563@{#995}) on port 8108
Only local connections are allowed.
Please see https://chromedriver.chromium.org/security-considerations for suggestions on keeping ChromeDriver safe.
ChromeDriver was started successfully.
]]></system-err>
</testsuite>
